<?xml version="1.0" encoding="UTF-8"?>

<mule xmlns:sfdc="http://www.mulesoft.org/schema/mule/sfdc" xmlns:json="http://www.mulesoft.org/schema/mule/json" 
xmlns="http://www.mulesoft.org/schema/mule/core" xmlns:doc="http://www.mulesoft.org/schema/mule/documentation" 
xmlns:spring="http://www.springframework.org/schema/beans" 
version="EE-3.7.1" 
xmlns:xsi="http://www.w3.org/2001/XMLSchema-instance" xsi:schemaLocation="http://www.springframework.org/schema/beans http://www.springframework.org/schema/beans/spring-beans-current.xsd
http://www.mulesoft.org/schema/mule/core http://www.mulesoft.org/schema/mule/core/current/mule.xsd
http://www.mulesoft.org/schema/mule/sfdc http://www.mulesoft.org/schema/mule/sfdc/current/mule-sfdc.xsd
http://www.mulesoft.org/schema/mule/json http://www.mulesoft.org/schema/mule/json/current/mule-json.xsd">
       <sub-flow name="createLeadFlowA" doc:name="createLeadFlowA">
        <sfdc:create config-ref="SalesforceA" type="Lead" doc:name="Salesforce">
            <sfdc:objects ref="#[payload]"/>
        </sfdc:create>
    </sub-flow>
    <sub-flow name="createLeadFlowB" doc:name="createLeadFlowB">
        <sfdc:create config-ref="SalesforceB" type="Lead" doc:name="Salesforce">
            <sfdc:objects ref="#[payload]"/>
        </sfdc:create>
    </sub-flow>
    <sub-flow name="retrieveLeadFromBFlow" doc:name="retrieveLeadFlow">
<!--      Id, LastModifiedDate, Name, LastName, FirstName, Email, Country -->
        <sfdc:query-single config-ref="SalesforceB" query="SELECT Id, LastModifiedDate, Name, LastName, FirstName, Email, City, Company FROM Lead WHERE Email = '#[payload['Email']]'" doc:name="Salesforce"/>
    </sub-flow>
    <sub-flow name="deleteLeadFromAFlow" doc:name="deleteLeadFromAFlow">
        <sfdc:delete config-ref="SalesforceA" doc:name="Salesforce">
            <sfdc:ids ref="#[payload]"/>
        </sfdc:delete>
    </sub-flow>
    <sub-flow name="deleteLeadFromBFlow" doc:name="deleteLeadFromBFlow">
        <sfdc:delete config-ref="SalesforceB" doc:name="Salesforce">
            <sfdc:ids ref="#[payload]"/>
        </sfdc:delete>
    </sub-flow>
</mule>
